[error] - [94m[antiCrash.js][39m[31mUnhandled rejection/crash detected.[39m
[error] - MongooseServerSelectionError: connection <monitor> to 13.250.243.89:27017 timed out
    at Function.Model.$wrapCallback (/home/runner/Kerm/node_modules/mongoose/lib/model.js:5087:32)
    at /home/runner/Kerm/node_modules/mongoose/lib/query.js:4510:21
    at /home/runner/Kerm/node_modules/mongoose/lib/helpers/promiseOrCallback.js:32:5
    at new Promise (<anonymous>)
    at promiseOrCallback (/home/runner/Kerm/node_modules/mongoose/lib/helpers/promiseOrCallback.js:31:10)
    at model.Query.exec (/home/runner/Kerm/node_modules/mongoose/lib/query.js:4509:10)
    at model.Query.Query.catch (/home/runner/Kerm/node_modules/mongoose/lib/query.js:4608:15)
    at Database.get (/home/runner/Kerm/node_modules/quickmongo/src/Main.js:132:19)
    at Database.fetch (/home/runner/Kerm/node_modules/quickmongo/src/Main.js:149:21)
    at Timeout._onTimeout (/home/runner/Kerm/index.js:89:31)
    at listOnTimeout (node:internal/timers:557:17)
    at processTimers (node:internal/timers:500:7)
[error] - [94m[antiCrash.js][39m[31mUnhandled rejection/crash detected.[39m
[error] - MongooseServerSelectionError: connection <monitor> to 13.250.243.89:27017 timed out
    at Function.Model.$wrapCallback (/home/runner/Kerm/node_modules/mongoose/lib/model.js:5087:32)
    at /home/runner/Kerm/node_modules/mongoose/lib/query.js:4510:21
    at /home/runner/Kerm/node_modules/mongoose/lib/helpers/promiseOrCallback.js:32:5
    at new Promise (<anonymous>)
    at promiseOrCallback (/home/runner/Kerm/node_modules/mongoose/lib/helpers/promiseOrCallback.js:31:10)
    at model.Query.exec (/home/runner/Kerm/node_modules/mongoose/lib/query.js:4509:10)
    at model.Query.Query.catch (/home/runner/Kerm/node_modules/mongoose/lib/query.js:4608:15)
    at Database.get (/home/runner/Kerm/node_modules/quickmongo/src/Main.js:132:19)
    at Database.fetch (/home/runner/Kerm/node_modules/quickmongo/src/Main.js:149:21)
    at Timeout._onTimeout (/home/runner/Kerm/index.js:89:31)
    at listOnTimeout (node:internal/timers:557:17)
    at processTimers (node:internal/timers:500:7)
[error] - [94m[antiCrash.js][39m[31mUnhandled rejection/crash detected.[39m
[error] - MongooseServerSelectionError: connection <monitor> to 13.250.243.89:27017 timed out
    at Function.Model.$wrapCallback (/home/runner/Kerm/node_modules/mongoose/lib/model.js:5087:32)
    at /home/runner/Kerm/node_modules/mongoose/lib/query.js:4510:21
    at /home/runner/Kerm/node_modules/mongoose/lib/helpers/promiseOrCallback.js:32:5
    at new Promise (<anonymous>)
    at promiseOrCallback (/home/runner/Kerm/node_modules/mongoose/lib/helpers/promiseOrCallback.js:31:10)
    at model.Query.exec (/home/runner/Kerm/node_modules/mongoose/lib/query.js:4509:10)
    at model.Query.Query.catch (/home/runner/Kerm/node_modules/mongoose/lib/query.js:4608:15)
    at Database.get (/home/runner/Kerm/node_modules/quickmongo/src/Main.js:132:19)
    at Database.fetch (/home/runner/Kerm/node_modules/quickmongo/src/Main.js:149:21)
    at Timeout._onTimeout (/home/runner/Kerm/index.js:89:31)
    at listOnTimeout (node:internal/timers:557:17)
    at processTimers (node:internal/timers:500:7)
[error] - [94m[antiCrash.js][39m[31mUnhandled rejection/crash detected.[39m
[error] - MongooseServerSelectionError: connection <monitor> to 13.250.243.89:27017 timed out
    at Function.Model.$wrapCallback (/home/runner/Kerm/node_modules/mongoose/lib/model.js:5087:32)
    at /home/runner/Kerm/node_modules/mongoose/lib/query.js:4510:21
    at /home/runner/Kerm/node_modules/mongoose/lib/helpers/promiseOrCallback.js:32:5
    at new Promise (<anonymous>)
    at promiseOrCallback (/home/runner/Kerm/node_modules/mongoose/lib/helpers/promiseOrCallback.js:31:10)
    at model.Query.exec (/home/runner/Kerm/node_modules/mongoose/lib/query.js:4509:10)
    at model.Query.Query.catch (/home/runner/Kerm/node_modules/mongoose/lib/query.js:4608:15)
    at Database.get (/home/runner/Kerm/node_modules/quickmongo/src/Main.js:132:19)
    at Database.fetch (/home/runner/Kerm/node_modules/quickmongo/src/Main.js:149:21)
    at Timeout._onTimeout (/home/runner/Kerm/index.js:89:31)
    at listOnTimeout (node:internal/timers:557:17)
    at processTimers (node:internal/timers:500:7)
[error] - [94m[antiCrash.js][39m[31mUnhandled rejection/crash detected.[39m
[error] - MongooseServerSelectionError: connection <monitor> to 13.250.243.89:27017 timed out
    at Function.Model.$wrapCallback (/home/runner/Kerm/node_modules/mongoose/lib/model.js:5087:32)
    at /home/runner/Kerm/node_modules/mongoose/lib/query.js:4510:21
    at /home/runner/Kerm/node_modules/mongoose/lib/helpers/promiseOrCallback.js:32:5
    at new Promise (<anonymous>)
    at promiseOrCallback (/home/runner/Kerm/node_modules/mongoose/lib/helpers/promiseOrCallback.js:31:10)
    at model.Query.exec (/home/runner/Kerm/node_modules/mongoose/lib/query.js:4509:10)
    at model.Query.Query.catch (/home/runner/Kerm/node_modules/mongoose/lib/query.js:4608:15)
    at Database.get (/home/runner/Kerm/node_modules/quickmongo/src/Main.js:132:19)
    at Database.fetch (/home/runner/Kerm/node_modules/quickmongo/src/Main.js:149:21)
    at Timeout._onTimeout (/home/runner/Kerm/index.js:89:31)
    at listOnTimeout (node:internal/timers:557:17)
    at processTimers (node:internal/timers:500:7)
[error] - [94m[antiCrash.js][39m[31mUnhandled rejection/crash detected.[39m
[error] - MongooseServerSelectionError: connection <monitor> to 13.250.243.89:27017 timed out
    at Function.Model.$wrapCallback (/home/runner/Kerm/node_modules/mongoose/lib/model.js:5087:32)
    at /home/runner/Kerm/node_modules/mongoose/lib/query.js:4510:21
    at /home/runner/Kerm/node_modules/mongoose/lib/helpers/promiseOrCallback.js:32:5
    at new Promise (<anonymous>)
    at promiseOrCallback (/home/runner/Kerm/node_modules/mongoose/lib/helpers/promiseOrCallback.js:31:10)
    at model.Query.exec (/home/runner/Kerm/node_modules/mongoose/lib/query.js:4509:10)
    at model.Query.Query.catch (/home/runner/Kerm/node_modules/mongoose/lib/query.js:4608:15)
    at Database.get (/home/runner/Kerm/node_modules/quickmongo/src/Main.js:132:19)
    at Database.fetch (/home/runner/Kerm/node_modules/quickmongo/src/Main.js:149:21)
    at Timeout._onTimeout (/home/runner/Kerm/index.js:89:31)
    at listOnTimeout (node:internal/timers:557:17)
    at processTimers (node:internal/timers:500:7)
[error] - [94m[antiCrash.js][39m[31mUnhandled rejection/crash detected.[39m
[error] - MongooseServerSelectionError: connection <monitor> to 13.250.243.89:27017 timed out
    at Function.Model.$wrapCallback (/home/runner/Kerm/node_modules/mongoose/lib/model.js:5087:32)
    at /home/runner/Kerm/node_modules/mongoose/lib/query.js:4510:21
    at /home/runner/Kerm/node_modules/mongoose/lib/helpers/promiseOrCallback.js:32:5
    at new Promise (<anonymous>)
    at promiseOrCallback (/home/runner/Kerm/node_modules/mongoose/lib/helpers/promiseOrCallback.js:31:10)
    at model.Query.exec (/home/runner/Kerm/node_modules/mongoose/lib/query.js:4509:10)
    at model.Query.Query.catch (/home/runner/Kerm/node_modules/mongoose/lib/query.js:4608:15)
    at Database.get (/home/runner/Kerm/node_modules/quickmongo/src/Main.js:132:19)
    at Database.fetch (/home/runner/Kerm/node_modules/quickmongo/src/Main.js:149:21)
    at Timeout._onTimeout (/home/runner/Kerm/index.js:89:31)
    at listOnTimeout (node:internal/timers:557:17)
    at processTimers (node:internal/timers:500:7)
[error] - [94m[antiCrash.js][39m[31mUnhandled rejection/crash detected.[39m
[error] - MongooseServerSelectionError: connection <monitor> to 13.250.243.89:27017 timed out
    at Function.Model.$wrapCallback (/home/runner/Kerm/node_modules/mongoose/lib/model.js:5087:32)
    at /home/runner/Kerm/node_modules/mongoose/lib/query.js:4510:21
    at /home/runner/Kerm/node_modules/mongoose/lib/helpers/promiseOrCallback.js:32:5
    at new Promise (<anonymous>)
    at promiseOrCallback (/home/runner/Kerm/node_modules/mongoose/lib/helpers/promiseOrCallback.js:31:10)
    at model.Query.exec (/home/runner/Kerm/node_modules/mongoose/lib/query.js:4509:10)
    at model.Query.Query.catch (/home/runner/Kerm/node_modules/mongoose/lib/query.js:4608:15)
    at Database.get (/home/runner/Kerm/node_modules/quickmongo/src/Main.js:132:19)
    at Database.fetch (/home/runner/Kerm/node_modules/quickmongo/src/Main.js:149:21)
    at Timeout._onTimeout (/home/runner/Kerm/index.js:89:31)
    at listOnTimeout (node:internal/timers:557:17)
    at processTimers (node:internal/timers:500:7)
[error] - [94m[antiCrash.js][39m[31mUnhandled rejection/crash detected.[39m
[error] - MongooseServerSelectionError: connection <monitor> to 13.250.243.89:27017 timed out
    at Function.Model.$wrapCallback (/home/runner/Kerm/node_modules/mongoose/lib/model.js:5087:32)
    at /home/runner/Kerm/node_modules/mongoose/lib/query.js:4510:21
    at /home/runner/Kerm/node_modules/mongoose/lib/helpers/promiseOrCallback.js:32:5
    at new Promise (<anonymous>)
    at promiseOrCallback (/home/runner/Kerm/node_modules/mongoose/lib/helpers/promiseOrCallback.js:31:10)
    at model.Query.exec (/home/runner/Kerm/node_modules/mongoose/lib/query.js:4509:10)
    at model.Query.Query.catch (/home/runner/Kerm/node_modules/mongoose/lib/query.js:4608:15)
    at Database.get (/home/runner/Kerm/node_modules/quickmongo/src/Main.js:132:19)
    at Database.fetch (/home/runner/Kerm/node_modules/quickmongo/src/Main.js:149:21)
    at Timeout._onTimeout (/home/runner/Kerm/index.js:89:31)
    at listOnTimeout (node:internal/timers:557:17)
    at processTimers (node:internal/timers:500:7)
[error] - [94m[antiCrash.js][39m[31mUnhandled rejection/crash detected.[39m
[error] - MongooseServerSelectionError: connection <monitor> to 13.250.243.89:27017 timed out
    at Function.Model.$wrapCallback (/home/runner/Kerm/node_modules/mongoose/lib/model.js:5087:32)
    at /home/runner/Kerm/node_modules/mongoose/lib/query.js:4510:21
    at /home/runner/Kerm/node_modules/mongoose/lib/helpers/promiseOrCallback.js:32:5
    at new Promise (<anonymous>)
    at promiseOrCallback (/home/runner/Kerm/node_modules/mongoose/lib/helpers/promiseOrCallback.js:31:10)
    at model.Query.exec (/home/runner/Kerm/node_modules/mongoose/lib/query.js:4509:10)
    at model.Query.Query.catch (/home/runner/Kerm/node_modules/mongoose/lib/query.js:4608:15)
    at Database.get (/home/runner/Kerm/node_modules/quickmongo/src/Main.js:132:19)
    at Database.fetch (/home/runner/Kerm/node_modules/quickmongo/src/Main.js:149:21)
    at Timeout._onTimeout (/home/runner/Kerm/index.js:89:31)
    at listOnTimeout (node:internal/timers:557:17)
    at processTimers (node:internal/timers:500:7)
[error] - [94m[antiCrash.js][39m[31mUnhandled rejection/crash detected.[39m
[error] - MongooseServerSelectionError: connection <monitor> to 13.250.243.89:27017 timed out
    at Function.Model.$wrapCallback (/home/runner/Kerm/node_modules/mongoose/lib/model.js:5087:32)
    at /home/runner/Kerm/node_modules/mongoose/lib/query.js:4510:21
    at /home/runner/Kerm/node_modules/mongoose/lib/helpers/promiseOrCallback.js:32:5
    at new Promise (<anonymous>)
    at promiseOrCallback (/home/runner/Kerm/node_modules/mongoose/lib/helpers/promiseOrCallback.js:31:10)
    at model.Query.exec (/home/runner/Kerm/node_modules/mongoose/lib/query.js:4509:10)
    at model.Query.Query.catch (/home/runner/Kerm/node_modules/mongoose/lib/query.js:4608:15)
    at Database.get (/home/runner/Kerm/node_modules/quickmongo/src/Main.js:132:19)
    at Database.fetch (/home/runner/Kerm/node_modules/quickmongo/src/Main.js:149:21)
    at Timeout._onTimeout (/home/runner/Kerm/index.js:89:31)
    at listOnTimeout (node:internal/timers:557:17)
    at processTimers (node:internal/timers:500:7)
[error] - [94m[antiCrash.js][39m[31mUnhandled rejection/crash detected.[39m
[error] - MongooseServerSelectionError: connection <monitor> to 13.250.243.89:27017 timed out
    at Function.Model.$wrapCallback (/home/runner/Kerm/node_modules/mongoose/lib/model.js:5087:32)
    at /home/runner/Kerm/node_modules/mongoose/lib/query.js:4510:21
    at /home/runner/Kerm/node_modules/mongoose/lib/helpers/promiseOrCallback.js:32:5
    at new Promise (<anonymous>)
    at promiseOrCallback (/home/runner/Kerm/node_modules/mongoose/lib/helpers/promiseOrCallback.js:31:10)
    at model.Query.exec (/home/runner/Kerm/node_modules/mongoose/lib/query.js:4509:10)
    at model.Query.Query.catch (/home/runner/Kerm/node_modules/mongoose/lib/query.js:4608:15)
    at Database.get (/home/runner/Kerm/node_modules/quickmongo/src/Main.js:132:19)
    at Database.fetch (/home/runner/Kerm/node_modules/quickmongo/src/Main.js:149:21)
    at Timeout._onTimeout (/home/runner/Kerm/index.js:89:31)
    at listOnTimeout (node:internal/timers:557:17)
    at processTimers (node:internal/timers:500:7)
[error] - [94m[antiCrash.js][39m[31mUnhandled rejection/crash detected.[39m
[error] - MongooseServerSelectionError: connection <monitor> to 13.250.243.89:27017 timed out
    at Function.Model.$wrapCallback (/home/runner/Kerm/node_modules/mongoose/lib/model.js:5087:32)
    at /home/runner/Kerm/node_modules/mongoose/lib/query.js:4510:21
    at /home/runner/Kerm/node_modules/mongoose/lib/helpers/promiseOrCallback.js:32:5
    at new Promise (<anonymous>)
    at promiseOrCallback (/home/runner/Kerm/node_modules/mongoose/lib/helpers/promiseOrCallback.js:31:10)
    at model.Query.exec (/home/runner/Kerm/node_modules/mongoose/lib/query.js:4509:10)
    at model.Query.Query.catch (/home/runner/Kerm/node_modules/mongoose/lib/query.js:4608:15)
    at Database.get (/home/runner/Kerm/node_modules/quickmongo/src/Main.js:132:19)
    at Database.fetch (/home/runner/Kerm/node_modules/quickmongo/src/Main.js:149:21)
    at Timeout._onTimeout (/home/runner/Kerm/index.js:89:31)
    at listOnTimeout (node:internal/timers:557:17)
    at processTimers (node:internal/timers:500:7)
[error] - [94m[antiCrash.js][39m[31mUnhandled rejection/crash detected.[39m
[error] - MongooseServerSelectionError: connection <monitor> to 13.250.243.89:27017 timed out
    at Function.Model.$wrapCallback (/home/runner/Kerm/node_modules/mongoose/lib/model.js:5087:32)
    at /home/runner/Kerm/node_modules/mongoose/lib/query.js:4510:21
    at /home/runner/Kerm/node_modules/mongoose/lib/helpers/promiseOrCallback.js:32:5
    at new Promise (<anonymous>)
    at promiseOrCallback (/home/runner/Kerm/node_modules/mongoose/lib/helpers/promiseOrCallback.js:31:10)
    at model.Query.exec (/home/runner/Kerm/node_modules/mongoose/lib/query.js:4509:10)
    at model.Query.Query.catch (/home/runner/Kerm/node_modules/mongoose/lib/query.js:4608:15)
    at Database.get (/home/runner/Kerm/node_modules/quickmongo/src/Main.js:132:19)
    at Database.fetch (/home/runner/Kerm/node_modules/quickmongo/src/Main.js:149:21)
    at Timeout._onTimeout (/home/runner/Kerm/index.js:89:31)
    at listOnTimeout (node:internal/timers:557:17)
    at processTimers (node:internal/timers:500:7)
[error] - [94m[antiCrash.js][39m[31mUnhandled rejection/crash detected.[39m
[error] - MongooseServerSelectionError: connection <monitor> to 13.250.243.89:27017 timed out
    at Function.Model.$wrapCallback (/home/runner/Kerm/node_modules/mongoose/lib/model.js:5087:32)
    at /home/runner/Kerm/node_modules/mongoose/lib/query.js:4510:21
    at /home/runner/Kerm/node_modules/mongoose/lib/helpers/promiseOrCallback.js:32:5
    at new Promise (<anonymous>)
    at promiseOrCallback (/home/runner/Kerm/node_modules/mongoose/lib/helpers/promiseOrCallback.js:31:10)
    at model.Query.exec (/home/runner/Kerm/node_modules/mongoose/lib/query.js:4509:10)
    at model.Query.Query.catch (/home/runner/Kerm/node_modules/mongoose/lib/query.js:4608:15)
    at Database.get (/home/runner/Kerm/node_modules/quickmongo/src/Main.js:132:19)
    at Database.fetch (/home/runner/Kerm/node_modules/quickmongo/src/Main.js:149:21)
    at Timeout._onTimeout (/home/runner/Kerm/index.js:89:31)
    at listOnTimeout (node:internal/timers:557:17)
    at processTimers (node:internal/timers:500:7)
[error] - [94m[antiCrash.js][39m[31mUnhandled rejection/crash detected.[39m
[error] - MongooseServerSelectionError: connection <monitor> to 13.250.243.89:27017 timed out
    at Function.Model.$wrapCallback (/home/runner/Kerm/node_modules/mongoose/lib/model.js:5087:32)
    at /home/runner/Kerm/node_modules/mongoose/lib/query.js:4510:21
    at /home/runner/Kerm/node_modules/mongoose/lib/helpers/promiseOrCallback.js:32:5
    at new Promise (<anonymous>)
    at promiseOrCallback (/home/runner/Kerm/node_modules/mongoose/lib/helpers/promiseOrCallback.js:31:10)
    at model.Query.exec (/home/runner/Kerm/node_modules/mongoose/lib/query.js:4509:10)
    at model.Query.Query.catch (/home/runner/Kerm/node_modules/mongoose/lib/query.js:4608:15)
    at Database.get (/home/runner/Kerm/node_modules/quickmongo/src/Main.js:132:19)
    at Database.fetch (/home/runner/Kerm/node_modules/quickmongo/src/Main.js:149:21)
    at Timeout._onTimeout (/home/runner/Kerm/index.js:89:31)
    at listOnTimeout (node:internal/timers:557:17)
    at processTimers (node:internal/timers:500:7)
[error] - [94m[antiCrash.js][39m[31mUnhandled rejection/crash detected.[39m
[error] - MongooseServerSelectionError: connection <monitor> to 13.250.243.89:27017 timed out
    at Function.Model.$wrapCallback (/home/runner/Kerm/node_modules/mongoose/lib/model.js:5087:32)
    at /home/runner/Kerm/node_modules/mongoose/lib/query.js:4510:21
    at /home/runner/Kerm/node_modules/mongoose/lib/helpers/promiseOrCallback.js:32:5
    at new Promise (<anonymous>)
    at promiseOrCallback (/home/runner/Kerm/node_modules/mongoose/lib/helpers/promiseOrCallback.js:31:10)
    at model.Query.exec (/home/runner/Kerm/node_modules/mongoose/lib/query.js:4509:10)
    at model.Query.Query.catch (/home/runner/Kerm/node_modules/mongoose/lib/query.js:4608:15)
    at Database.get (/home/runner/Kerm/node_modules/quickmongo/src/Main.js:132:19)
    at Database.fetch (/home/runner/Kerm/node_modules/quickmongo/src/Main.js:149:21)
    at Timeout._onTimeout (/home/runner/Kerm/index.js:89:31)
    at listOnTimeout (node:internal/timers:557:17)
    at processTimers (node:internal/timers:500:7)
[error] - [94m[antiCrash.js][39m[31mUnhandled rejection/crash detected.[39m
[error] - MongooseServerSelectionError: connection <monitor> to 13.250.243.89:27017 timed out
    at Function.Model.$wrapCallback (/home/runner/Kerm/node_modules/mongoose/lib/model.js:5087:32)
    at /home/runner/Kerm/node_modules/mongoose/lib/query.js:4510:21
    at /home/runner/Kerm/node_modules/mongoose/lib/helpers/promiseOrCallback.js:32:5
    at new Promise (<anonymous>)
    at promiseOrCallback (/home/runner/Kerm/node_modules/mongoose/lib/helpers/promiseOrCallback.js:31:10)
    at model.Query.exec (/home/runner/Kerm/node_modules/mongoose/lib/query.js:4509:10)
    at model.Query.Query.catch (/home/runner/Kerm/node_modules/mongoose/lib/query.js:4608:15)
    at Database.get (/home/runner/Kerm/node_modules/quickmongo/src/Main.js:132:19)
    at Database.fetch (/home/runner/Kerm/node_modules/quickmongo/src/Main.js:149:21)
    at Timeout._onTimeout (/home/runner/Kerm/index.js:89:31)
    at listOnTimeout (node:internal/timers:557:17)
    at processTimers (node:internal/timers:500:7)
[error] - [94m[antiCrash.js][39m[31mUnhandled rejection/crash detected.[39m
[error] - MongooseServerSelectionError: connection <monitor> to 13.250.243.89:27017 timed out
    at Function.Model.$wrapCallback (/home/runner/Kerm/node_modules/mongoose/lib/model.js:5087:32)
    at /home/runner/Kerm/node_modules/mongoose/lib/query.js:4510:21
    at /home/runner/Kerm/node_modules/mongoose/lib/helpers/promiseOrCallback.js:32:5
    at new Promise (<anonymous>)
    at promiseOrCallback (/home/runner/Kerm/node_modules/mongoose/lib/helpers/promiseOrCallback.js:31:10)
    at model.Query.exec (/home/runner/Kerm/node_modules/mongoose/lib/query.js:4509:10)
    at model.Query.Query.catch (/home/runner/Kerm/node_modules/mongoose/lib/query.js:4608:15)
    at Database.get (/home/runner/Kerm/node_modules/quickmongo/src/Main.js:132:19)
    at Database.fetch (/home/runner/Kerm/node_modules/quickmongo/src/Main.js:149:21)
    at Timeout._onTimeout (/home/runner/Kerm/index.js:89:31)
    at listOnTimeout (node:internal/timers:557:17)
    at processTimers (node:internal/timers:500:7)
[error] - [94m[antiCrash.js][39m[31mUnhandled rejection/crash detected.[39m
[error] - MongooseServerSelectionError: connection <monitor> to 13.250.243.89:27017 timed out
    at Function.Model.$wrapCallback (/home/runner/Kerm/node_modules/mongoose/lib/model.js:5087:32)
    at /home/runner/Kerm/node_modules/mongoose/lib/query.js:4510:21
    at /home/runner/Kerm/node_modules/mongoose/lib/helpers/promiseOrCallback.js:32:5
    at new Promise (<anonymous>)
    at promiseOrCallback (/home/runner/Kerm/node_modules/mongoose/lib/helpers/promiseOrCallback.js:31:10)
    at model.Query.exec (/home/runner/Kerm/node_modules/mongoose/lib/query.js:4509:10)
    at model.Query.Query.catch (/home/runner/Kerm/node_modules/mongoose/lib/query.js:4608:15)
    at Database.get (/home/runner/Kerm/node_modules/quickmongo/src/Main.js:132:19)
    at Database.fetch (/home/runner/Kerm/node_modules/quickmongo/src/Main.js:149:21)
    at Timeout._onTimeout (/home/runner/Kerm/index.js:89:31)
    at listOnTimeout (node:internal/timers:557:17)
    at processTimers (node:internal/timers:500:7)
[error] - [94m[antiCrash.js][39m[31mUnhandled rejection/crash detected.[39m
[error] - MongooseServerSelectionError: connection <monitor> to 13.250.243.89:27017 timed out
    at Function.Model.$wrapCallback (/home/runner/Kerm/node_modules/mongoose/lib/model.js:5087:32)
    at /home/runner/Kerm/node_modules/mongoose/lib/query.js:4510:21
    at /home/runner/Kerm/node_modules/mongoose/lib/helpers/promiseOrCallback.js:32:5
    at new Promise (<anonymous>)
    at promiseOrCallback (/home/runner/Kerm/node_modules/mongoose/lib/helpers/promiseOrCallback.js:31:10)
    at model.Query.exec (/home/runner/Kerm/node_modules/mongoose/lib/query.js:4509:10)
    at model.Query.Query.catch (/home/runner/Kerm/node_modules/mongoose/lib/query.js:4608:15)
    at Database.get (/home/runner/Kerm/node_modules/quickmongo/src/Main.js:132:19)
    at Database.fetch (/home/runner/Kerm/node_modules/quickmongo/src/Main.js:149:21)
    at Timeout._onTimeout (/home/runner/Kerm/index.js:89:31)
    at listOnTimeout (node:internal/timers:557:17)
    at processTimers (node:internal/timers:500:7)
[error] - [94m[antiCrash.js][39m[31mUnhandled rejection/crash detected.[39m
[error] - MongooseServerSelectionError: connection <monitor> to 13.250.243.89:27017 timed out
    at Function.Model.$wrapCallback (/home/runner/Kerm/node_modules/mongoose/lib/model.js:5087:32)
    at /home/runner/Kerm/node_modules/mongoose/lib/query.js:4510:21
    at /home/runner/Kerm/node_modules/mongoose/lib/helpers/promiseOrCallback.js:32:5
    at new Promise (<anonymous>)
    at promiseOrCallback (/home/runner/Kerm/node_modules/mongoose/lib/helpers/promiseOrCallback.js:31:10)
    at model.Query.exec (/home/runner/Kerm/node_modules/mongoose/lib/query.js:4509:10)
    at model.Query.Query.catch (/home/runner/Kerm/node_modules/mongoose/lib/query.js:4608:15)
    at Database.get (/home/runner/Kerm/node_modules/quickmongo/src/Main.js:132:19)
    at Database.fetch (/home/runner/Kerm/node_modules/quickmongo/src/Main.js:149:21)
    at Timeout._onTimeout (/home/runner/Kerm/index.js:89:31)
    at listOnTimeout (node:internal/timers:557:17)
    at processTimers (node:internal/timers:500:7)
[error] - [94m[antiCrash.js][39m[31mUnhandled rejection/crash detected.[39m
[error] - MongooseServerSelectionError: connection <monitor> to 13.250.243.89:27017 timed out
    at Function.Model.$wrapCallback (/home/runner/Kerm/node_modules/mongoose/lib/model.js:5087:32)
    at /home/runner/Kerm/node_modules/mongoose/lib/query.js:4510:21
    at /home/runner/Kerm/node_modules/mongoose/lib/helpers/promiseOrCallback.js:32:5
    at new Promise (<anonymous>)
    at promiseOrCallback (/home/runner/Kerm/node_modules/mongoose/lib/helpers/promiseOrCallback.js:31:10)
    at model.Query.exec (/home/runner/Kerm/node_modules/mongoose/lib/query.js:4509:10)
    at model.Query.Query.catch (/home/runner/Kerm/node_modules/mongoose/lib/query.js:4608:15)
    at Database.get (/home/runner/Kerm/node_modules/quickmongo/src/Main.js:132:19)
    at Database.fetch (/home/runner/Kerm/node_modules/quickmongo/src/Main.js:149:21)
    at Timeout._onTimeout (/home/runner/Kerm/index.js:89:31)
    at listOnTimeout (node:internal/timers:557:17)
    at processTimers (node:internal/timers:500:7)
[error] - [94m[antiCrash.js][39m[31mUnhandled rejection/crash detected.[39m
[error] - MongooseServerSelectionError: connection <monitor> to 13.250.243.89:27017 timed out
    at Function.Model.$wrapCallback (/home/runner/Kerm/node_modules/mongoose/lib/model.js:5087:32)
    at /home/runner/Kerm/node_modules/mongoose/lib/query.js:4510:21
    at /home/runner/Kerm/node_modules/mongoose/lib/helpers/promiseOrCallback.js:32:5
    at new Promise (<anonymous>)
    at promiseOrCallback (/home/runner/Kerm/node_modules/mongoose/lib/helpers/promiseOrCallback.js:31:10)
    at model.Query.exec (/home/runner/Kerm/node_modules/mongoose/lib/query.js:4509:10)
    at model.Query.Query.catch (/home/runner/Kerm/node_modules/mongoose/lib/query.js:4608:15)
    at Database.get (/home/runner/Kerm/node_modules/quickmongo/src/Main.js:132:19)
    at Database.fetch (/home/runner/Kerm/node_modules/quickmongo/src/Main.js:149:21)
    at Timeout._onTimeout (/home/runner/Kerm/index.js:89:31)
    at listOnTimeout (node:internal/timers:557:17)
    at processTimers (node:internal/timers:500:7)
[error] - [94m[antiCrash.js][39m[31mUnhandled rejection/crash detected.[39m
[error] - MongooseServerSelectionError: connection <monitor> to 13.250.243.89:27017 timed out
    at Function.Model.$wrapCallback (/home/runner/Kerm/node_modules/mongoose/lib/model.js:5087:32)
    at /home/runner/Kerm/node_modules/mongoose/lib/query.js:4510:21
    at /home/runner/Kerm/node_modules/mongoose/lib/helpers/promiseOrCallback.js:32:5
    at new Promise (<anonymous>)
    at promiseOrCallback (/home/runner/Kerm/node_modules/mongoose/lib/helpers/promiseOrCallback.js:31:10)
    at model.Query.exec (/home/runner/Kerm/node_modules/mongoose/lib/query.js:4509:10)
    at model.Query.Query.catch (/home/runner/Kerm/node_modules/mongoose/lib/query.js:4608:15)
    at Database.get (/home/runner/Kerm/node_modules/quickmongo/src/Main.js:132:19)
    at Database.fetch (/home/runner/Kerm/node_modules/quickmongo/src/Main.js:149:21)
    at Timeout._onTimeout (/home/runner/Kerm/index.js:89:31)
    at listOnTimeout (node:internal/timers:557:17)
    at processTimers (node:internal/timers:500:7)
[error] - [94m[antiCrash.js][39m[31mUnhandled rejection/crash detected.[39m
[error] - MongooseServerSelectionError: connection <monitor> to 13.250.243.89:27017 timed out
    at Function.Model.$wrapCallback (/home/runner/Kerm/node_modules/mongoose/lib/model.js:5087:32)
    at /home/runner/Kerm/node_modules/mongoose/lib/query.js:4510:21
    at /home/runner/Kerm/node_modules/mongoose/lib/helpers/promiseOrCallback.js:32:5
    at new Promise (<anonymous>)
    at promiseOrCallback (/home/runner/Kerm/node_modules/mongoose/lib/helpers/promiseOrCallback.js:31:10)
    at model.Query.exec (/home/runner/Kerm/node_modules/mongoose/lib/query.js:4509:10)
    at model.Query.Query.catch (/home/runner/Kerm/node_modules/mongoose/lib/query.js:4608:15)
    at Database.get (/home/runner/Kerm/node_modules/quickmongo/src/Main.js:132:19)
    at Database.fetch (/home/runner/Kerm/node_modules/quickmongo/src/Main.js:149:21)
    at Timeout._onTimeout (/home/runner/Kerm/index.js:89:31)
    at listOnTimeout (node:internal/timers:557:17)
    at processTimers (node:internal/timers:500:7)
[error] - [94m[antiCrash.js][39m[31mUnhandled rejection/crash detected.[39m
[error] - MongooseServerSelectionError: connect ECONNREFUSED 13.250.243.89:27017
    at Function.Model.$wrapCallback (/home/runner/Kerm/node_modules/mongoose/lib/model.js:5087:32)
    at /home/runner/Kerm/node_modules/mongoose/lib/query.js:4510:21
    at /home/runner/Kerm/node_modules/mongoose/lib/helpers/promiseOrCallback.js:32:5
    at new Promise (<anonymous>)
    at promiseOrCallback (/home/runner/Kerm/node_modules/mongoose/lib/helpers/promiseOrCallback.js:31:10)
    at model.Query.exec (/home/runner/Kerm/node_modules/mongoose/lib/query.js:4509:10)
    at model.Query.Query.catch (/home/runner/Kerm/node_modules/mongoose/lib/query.js:4608:15)
    at Database.get (/home/runner/Kerm/node_modules/quickmongo/src/Main.js:132:19)
    at Database.fetch (/home/runner/Kerm/node_modules/quickmongo/src/Main.js:149:21)
    at Timeout._onTimeout (/home/runner/Kerm/index.js:89:31)
    at listOnTimeout (node:internal/timers:557:17)
    at processTimers (node:internal/timers:500:7)
[error] - [94m[antiCrash.js][39m[31mUnhandled rejection/crash detected.[39m
[error] - MongooseServerSelectionError: connect ECONNREFUSED 13.250.243.89:27017
    at Function.Model.$wrapCallback (/home/runner/Kerm/node_modules/mongoose/lib/model.js:5087:32)
    at /home/runner/Kerm/node_modules/mongoose/lib/query.js:4510:21
    at /home/runner/Kerm/node_modules/mongoose/lib/helpers/promiseOrCallback.js:32:5
    at new Promise (<anonymous>)
    at promiseOrCallback (/home/runner/Kerm/node_modules/mongoose/lib/helpers/promiseOrCallback.js:31:10)
    at model.Query.exec (/home/runner/Kerm/node_modules/mongoose/lib/query.js:4509:10)
    at model.Query.Query.catch (/home/runner/Kerm/node_modules/mongoose/lib/query.js:4608:15)
    at Database.get (/home/runner/Kerm/node_modules/quickmongo/src/Main.js:132:19)
    at Database.fetch (/home/runner/Kerm/node_modules/quickmongo/src/Main.js:149:21)
    at Timeout._onTimeout (/home/runner/Kerm/index.js:89:31)
    at listOnTimeout (node:internal/timers:557:17)
    at processTimers (node:internal/timers:500:7)
[error] - [94m[antiCrash.js][39m[31mUnhandled rejection/crash detected.[39m
[error] - MongooseServerSelectionError: connect ECONNREFUSED 13.250.243.89:27017
    at Function.Model.$wrapCallback (/home/runner/Kerm/node_modules/mongoose/lib/model.js:5087:32)
    at /home/runner/Kerm/node_modules/mongoose/lib/query.js:4510:21
    at /home/runner/Kerm/node_modules/mongoose/lib/helpers/promiseOrCallback.js:32:5
    at new Promise (<anonymous>)
    at promiseOrCallback (/home/runner/Kerm/node_modules/mongoose/lib/helpers/promiseOrCallback.js:31:10)
    at model.Query.exec (/home/runner/Kerm/node_modules/mongoose/lib/query.js:4509:10)
    at model.Query.Query.catch (/home/runner/Kerm/node_modules/mongoose/lib/query.js:4608:15)
    at Database.get (/home/runner/Kerm/node_modules/quickmongo/src/Main.js:132:19)
    at Database.fetch (/home/runner/Kerm/node_modules/quickmongo/src/Main.js:149:21)
    at Timeout._onTimeout (/home/runner/Kerm/index.js:89:31)
    at listOnTimeout (node:internal/timers:557:17)
    at processTimers (node:internal/timers:500:7)
[error] - [94m[antiCrash.js][39m[31mUnhandled rejection/crash detected.[39m
[error] - MongooseServerSelectionError: connect ECONNREFUSED 13.250.243.89:27017
    at Function.Model.$wrapCallback (/home/runner/Kerm/node_modules/mongoose/lib/model.js:5087:32)
    at /home/runner/Kerm/node_modules/mongoose/lib/query.js:4510:21
    at /home/runner/Kerm/node_modules/mongoose/lib/helpers/promiseOrCallback.js:32:5
    at new Promise (<anonymous>)
    at promiseOrCallback (/home/runner/Kerm/node_modules/mongoose/lib/helpers/promiseOrCallback.js:31:10)
    at model.Query.exec (/home/runner/Kerm/node_modules/mongoose/lib/query.js:4509:10)
    at model.Query.Query.catch (/home/runner/Kerm/node_modules/mongoose/lib/query.js:4608:15)
    at Database.get (/home/runner/Kerm/node_modules/quickmongo/src/Main.js:132:19)
    at Database.fetch (/home/runner/Kerm/node_modules/quickmongo/src/Main.js:149:21)
    at Timeout._onTimeout (/home/runner/Kerm/index.js:89:31)
    at listOnTimeout (node:internal/timers:557:17)
    at processTimers (node:internal/timers:500:7)
[error] - [94m[antiCrash.js][39m[31mUnhandled rejection/crash detected.[39m
[error] - MongooseServerSelectionError: connect ECONNREFUSED 13.250.243.89:27017
    at Function.Model.$wrapCallback (/home/runner/Kerm/node_modules/mongoose/lib/model.js:5087:32)
    at /home/runner/Kerm/node_modules/mongoose/lib/query.js:4510:21
    at /home/runner/Kerm/node_modules/mongoose/lib/helpers/promiseOrCallback.js:32:5
    at new Promise (<anonymous>)
    at promiseOrCallback (/home/runner/Kerm/node_modules/mongoose/lib/helpers/promiseOrCallback.js:31:10)
    at model.Query.exec (/home/runner/Kerm/node_modules/mongoose/lib/query.js:4509:10)
    at model.Query.Query.catch (/home/runner/Kerm/node_modules/mongoose/lib/query.js:4608:15)
    at Database.get (/home/runner/Kerm/node_modules/quickmongo/src/Main.js:132:19)
    at Database.fetch (/home/runner/Kerm/node_modules/quickmongo/src/Main.js:149:21)
    at Timeout._onTimeout (/home/runner/Kerm/index.js:89:31)
    at listOnTimeout (node:internal/timers:557:17)
    at processTimers (node:internal/timers:500:7)
[error] - [94m[antiCrash.js][39m[31mUnhandled rejection/crash detected.[39m
[error] - MongooseServerSelectionError: connect ECONNREFUSED 13.250.243.89:27017
    at Function.Model.$wrapCallback (/home/runner/Kerm/node_modules/mongoose/lib/model.js:5087:32)
    at /home/runner/Kerm/node_modules/mongoose/lib/query.js:4510:21
    at /home/runner/Kerm/node_modules/mongoose/lib/helpers/promiseOrCallback.js:32:5
    at new Promise (<anonymous>)
    at promiseOrCallback (/home/runner/Kerm/node_modules/mongoose/lib/helpers/promiseOrCallback.js:31:10)
    at model.Query.exec (/home/runner/Kerm/node_modules/mongoose/lib/query.js:4509:10)
    at model.Query.Query.catch (/home/runner/Kerm/node_modules/mongoose/lib/query.js:4608:15)
    at Database.get (/home/runner/Kerm/node_modules/quickmongo/src/Main.js:132:19)
    at Database.fetch (/home/runner/Kerm/node_modules/quickmongo/src/Main.js:149:21)
    at Timeout._onTimeout (/home/runner/Kerm/index.js:89:31)
    at listOnTimeout (node:internal/timers:557:17)
    at processTimers (node:internal/timers:500:7)
[error] - [94m[antiCrash.js][39m[31mUnhandled rejection/crash detected.[39m
[error] - MongooseServerSelectionError: connect ECONNREFUSED 13.250.243.89:27017
    at Function.Model.$wrapCallback (/home/runner/Kerm/node_modules/mongoose/lib/model.js:5087:32)
    at /home/runner/Kerm/node_modules/mongoose/lib/query.js:4510:21
    at /home/runner/Kerm/node_modules/mongoose/lib/helpers/promiseOrCallback.js:32:5
    at new Promise (<anonymous>)
    at promiseOrCallback (/home/runner/Kerm/node_modules/mongoose/lib/helpers/promiseOrCallback.js:31:10)
    at model.Query.exec (/home/runner/Kerm/node_modules/mongoose/lib/query.js:4509:10)
    at model.Query.Query.catch (/home/runner/Kerm/node_modules/mongoose/lib/query.js:4608:15)
    at Database.get (/home/runner/Kerm/node_modules/quickmongo/src/Main.js:132:19)
    at Database.fetch (/home/runner/Kerm/node_modules/quickmongo/src/Main.js:149:21)
    at Timeout._onTimeout (/home/runner/Kerm/index.js:89:31)
    at listOnTimeout (node:internal/timers:557:17)
    at processTimers (node:internal/timers:500:7)
[error] - [94m[antiCrash.js][39m[31mUnhandled rejection/crash detected.[39m
[error] - MongooseServerSelectionError: connection timed out
    at Function.Model.$wrapCallback (/home/runner/Kerm/node_modules/mongoose/lib/model.js:5087:32)
    at /home/runner/Kerm/node_modules/mongoose/lib/query.js:4510:21
    at /home/runner/Kerm/node_modules/mongoose/lib/helpers/promiseOrCallback.js:32:5
    at new Promise (<anonymous>)
    at promiseOrCallback (/home/runner/Kerm/node_modules/mongoose/lib/helpers/promiseOrCallback.js:31:10)
    at model.Query.exec (/home/runner/Kerm/node_modules/mongoose/lib/query.js:4509:10)
    at model.Query.Query.catch (/home/runner/Kerm/node_modules/mongoose/lib/query.js:4608:15)
    at Database.get (/home/runner/Kerm/node_modules/quickmongo/src/Main.js:132:19)
    at Database.fetch (/home/runner/Kerm/node_modules/quickmongo/src/Main.js:149:21)
    at Timeout._onTimeout (/home/runner/Kerm/index.js:89:31)
    at listOnTimeout (node:internal/timers:557:17)
    at processTimers (node:internal/timers:500:7)
[error] - [94m[antiCrash.js][39m[31mUnhandled rejection/crash detected.[39m
[error] - MongooseServerSelectionError: connection timed out
    at Function.Model.$wrapCallback (/home/runner/Kerm/node_modules/mongoose/lib/model.js:5087:32)
    at /home/runner/Kerm/node_modules/mongoose/lib/query.js:4510:21
    at /home/runner/Kerm/node_modules/mongoose/lib/helpers/promiseOrCallback.js:32:5
    at new Promise (<anonymous>)
    at promiseOrCallback (/home/runner/Kerm/node_modules/mongoose/lib/helpers/promiseOrCallback.js:31:10)
    at model.Query.exec (/home/runner/Kerm/node_modules/mongoose/lib/query.js:4509:10)
    at model.Query.Query.catch (/home/runner/Kerm/node_modules/mongoose/lib/query.js:4608:15)
    at Database.get (/home/runner/Kerm/node_modules/quickmongo/src/Main.js:132:19)
    at Database.fetch (/home/runner/Kerm/node_modules/quickmongo/src/Main.js:149:21)
    at Timeout._onTimeout (/home/runner/Kerm/index.js:89:31)
    at listOnTimeout (node:internal/timers:557:17)
    at processTimers (node:internal/timers:500:7)
[error] - [94m[antiCrash.js][39m[31mUnhandled rejection/crash detected.[39m
[error] - MongooseServerSelectionError: connection timed out
    at Function.Model.$wrapCallback (/home/runner/Kerm/node_modules/mongoose/lib/model.js:5087:32)
    at /home/runner/Kerm/node_modules/mongoose/lib/query.js:4510:21
    at /home/runner/Kerm/node_modules/mongoose/lib/helpers/promiseOrCallback.js:32:5
    at new Promise (<anonymous>)
    at promiseOrCallback (/home/runner/Kerm/node_modules/mongoose/lib/helpers/promiseOrCallback.js:31:10)
    at model.Query.exec (/home/runner/Kerm/node_modules/mongoose/lib/query.js:4509:10)
    at model.Query.Query.catch (/home/runner/Kerm/node_modules/mongoose/lib/query.js:4608:15)
    at Database.get (/home/runner/Kerm/node_modules/quickmongo/src/Main.js:132:19)
    at Database.fetch (/home/runner/Kerm/node_modules/quickmongo/src/Main.js:149:21)
    at Timeout._onTimeout (/home/runner/Kerm/index.js:89:31)
    at listOnTimeout (node:internal/timers:557:17)
    at processTimers (node:internal/timers:500:7)
